# JRE version: Java(TM) SE Runtime Environment (17.0.9+11) (build 17.0.9+11-LTS-201)
# Java VM: Java HotSpot(TM) 64-Bit Server VM (17.0.9+11-LTS-201, mixed mode, sharing, tiered, compressed oops, compressed class ptrs, g1 gc, windows-amd64)
GC Precious Log:
 CPUs: 4 total, 4 available
 Memory: 8067M
 Large Page Support: Disabled
 NUMA Support: Disabled
 Compressed Oops: Enabled (32-bit)
 Heap Region Size: 1M
 Heap Min Capacity: 8M
 Heap Initial Capacity: 128M
 Heap Max Capacity: 2G
 Pre-touch: Disabled
 Parallel Workers: 4
 Concurrent Workers: 1
 Concurrent Refinement Workers: 4
 Periodic GC: Disabled
Heap:
 garbage-first heap   total 282624K, used 205065K [0x0000000080000000, 0x0000000100000000)
  region size 1024K, 3 young (3072K), 3 survivors (3072K)
 Metaspace       used 106713K, committed 108224K, reserved 557056K
  class space    used 14831K, committed 15488K, reserved 425984K
GC Heap History (20 events):
Event: 49.910 GC heap after
{Heap after GC invocations=46 (full 0):
 garbage-first heap   total 282624K, used 153577K [0x0000000080000000, 0x0000000100000000)
  region size 1024K, 5 young (5120K), 5 survivors (5120K)
 Metaspace       used 104942K, committed 106240K, reserved 557056K
  class space    used 14595K, committed 15168K, reserved 425984K
}
Event: 51.967 GC heap before
{Heap before GC invocations=46 (full 0):
 garbage-first heap   total 282624K, used 236521K [0x0000000080000000, 0x0000000100000000)
  region size 1024K, 83 young (84992K), 5 survivors (5120K)
 Metaspace       used 105933K, committed 107264K, reserved 557056K
  class space    used 14729K, committed 15360K, reserved 425984K
}
Event: 51.990 GC heap after
{Heap after GC invocations=47 (full 0):
 garbage-first heap   total 282624K, used 171008K [0x0000000080000000, 0x0000000100000000)
  region size 1024K, 11 young (11264K), 11 survivors (11264K)
 Metaspace       used 105933K, committed 107264K, reserved 557056K
  class space    used 14729K, committed 15360K, reserved 425984K
}
Event: 53.235 GC heap before
{Heap before GC invocations=47 (full 0):
 garbage-first heap   total 282624K, used 228352K [0x0000000080000000, 0x0000000100000000)
  region size 1024K, 68 young (69632K), 11 survivors (11264K)
 Metaspace       used 106256K, committed 107648K, reserved 557056K
  class space    used 14769K, committed 15424K, reserved 425984K
}
Event: 53.260 GC heap after
{Heap after GC invocations=48 (full 0):
 garbage-first heap   total 282624K, used 179772K [0x0000000080000000, 0x0000000100000000)
  region size 1024K, 8 young (8192K), 8 survivors (8192K)
 Metaspace       used 106256K, committed 107648K, reserved 557056K
  class space    used 14769K, committed 15424K, reserved 425984K
}
Event: 53.726 GC heap before
{Heap before GC invocations=48 (full 0):
 garbage-first heap   total 282624K, used 230972K [0x0000000080000000, 0x0000000100000000)
  region size 1024K, 59 young (60416K), 8 survivors (8192K)
 Metaspace       used 106256K, committed 107648K, reserved 557056K
  class space    used 14769K, committed 15424K, reserved 425984K
}
Event: 53.743 GC heap after
{Heap after GC invocations=49 (full 0):
 garbage-first heap   total 282624K, used 180996K [0x0000000080000000, 0x0000000100000000)
  region size 1024K, 4 young (4096K), 4 survivors (4096K)
 Metaspace       used 106256K, committed 107648K, reserved 557056K
  class space    used 14769K, committed 15424K, reserved 425984K
}
Event: 54.627 GC heap before
{Heap before GC invocations=49 (full 0):
 garbage-first heap   total 282624K, used 236292K [0x0000000080000000, 0x0000000100000000)
  region size 1024K, 56 young (57344K), 4 survivors (4096K)
 Metaspace       used 106457K, committed 107904K, reserved 557056K
  class space    used 14798K, committed 15424K, reserved 425984K
}
Event: 54.638 GC heap after
{Heap after GC invocations=50 (full 0):
 garbage-first heap   total 282624K, used 190347K [0x0000000080000000, 0x0000000100000000)
  region size 1024K, 7 young (7168K), 7 survivors (7168K)
 Metaspace       used 106457K, committed 107904K, reserved 557056K
  class space    used 14798K, committed 15424K, reserved 425984K
}
Event: 55.317 GC heap before
{Heap before GC invocations=50 (full 0):
 garbage-first heap   total 282624K, used 235403K [0x0000000080000000, 0x0000000100000000)
  region size 1024K, 52 young (53248K), 7 survivors (7168K)
 Metaspace       used 106541K, committed 108032K, reserved 557056K
  class space    used 14807K, committed 15488K, reserved 425984K
}
Event: 55.332 GC heap after
{Heap after GC invocations=51 (full 0):
 garbage-first heap   total 282624K, used 193373K [0x0000000080000000, 0x0000000100000000)
  region size 1024K, 4 young (4096K), 4 survivors (4096K)
 Metaspace       used 106541K, committed 108032K, reserved 557056K
  class space    used 14807K, committed 15488K, reserved 425984K
}
Event: 55.722 GC heap before
{Heap before GC invocations=51 (full 0):
 garbage-first heap   total 282624K, used 237405K [0x0000000080000000, 0x0000000100000000)
  region size 1024K, 48 young (49152K), 4 survivors (4096K)
 Metaspace       used 106541K, committed 108032K, reserved 557056K
  class space    used 14807K, committed 15488K, reserved 425984K
}
Event: 55.732 GC heap after
{Heap after GC invocations=52 (full 0):
 garbage-first heap   total 282624K, used 195119K [0x0000000080000000, 0x0000000100000000)
  region size 1024K, 4 young (4096K), 4 survivors (4096K)
 Metaspace       used 106541K, committed 108032K, reserved 557056K
  class space    used 14807K, committed 15488K, reserved 425984K
}
Event: 56.471 GC heap before
{Heap before GC invocations=52 (full 0):
 garbage-first heap   total 282624K, used 239151K [0x0000000080000000, 0x0000000100000000)
  region size 1024K, 47 young (48128K), 4 survivors (4096K)
 Metaspace       used 106648K, committed 108160K, reserved 557056K
  class space    used 14823K, committed 15488K, reserved 425984K
}
Event: 56.483 GC heap after
{Heap after GC invocations=53 (full 0):
 garbage-first heap   total 282624K, used 201143K [0x0000000080000000, 0x0000000100000000)
  region size 1024K, 6 young (6144K), 6 survivors (6144K)
 Metaspace       used 106648K, committed 108160K, reserved 557056K
  class space    used 14823K, committed 15488K, reserved 425984K
}
Event: 57.013 GC heap before
{Heap before GC invocations=53 (full 0):
 garbage-first heap   total 282624K, used 236983K [0x0000000080000000, 0x0000000100000000)
  region size 1024K, 42 young (43008K), 6 survivors (6144K)
 Metaspace       used 106713K, committed 108224K, reserved 557056K
  class space    used 14831K, committed 15488K, reserved 425984K
}
Event: 57.023 GC heap after
{Heap after GC invocations=54 (full 0):
 garbage-first heap   total 282624K, used 203607K [0x0000000080000000, 0x0000000100000000)
  region size 1024K, 4 young (4096K), 4 survivors (4096K)
 Metaspace       used 106713K, committed 108224K, reserved 557056K
  class space    used 14831K, committed 15488K, reserved 425984K
}
Event: 57.317 GC heap before
{Heap before GC invocations=54 (full 0):
 garbage-first heap   total 282624K, used 238423K [0x0000000080000000, 0x0000000100000000)
  region size 1024K, 39 young (39936K), 4 survivors (4096K)
 Metaspace       used 106713K, committed 108224K, reserved 557056K
  class space    used 14831K, committed 15488K, reserved 425984K
}
Event: 57.324 GC heap after
{Heap after GC invocations=55 (full 0):
 garbage-first heap   total 282624K, used 204421K [0x0000000080000000, 0x0000000100000000)
  region size 1024K, 3 young (3072K), 3 survivors (3072K)
 Metaspace       used 106713K, committed 108224K, reserved 557056K
  class space    used 14831K, committed 15488K, reserved 425984K
}
Event: 57.599 GC heap before
{Heap before GC invocations=55 (full 0):
 garbage-first heap   total 282624K, used 240261K [0x0000000080000000, 0x0000000100000000)
  region size 1024K, 39 young (39936K), 3 survivors (3072K)
 Metaspace       used 106713K, committed 108224K, reserved 557056K
  class space    used 14831K, committed 15488K, reserved 425984K
}

